{"/Users/etamity/Documents/development/vite/vix/packages/vix-core/src/install.ts": {"path":"/Users/etamity/Documents/development/vite/vix/packages/vix-core/src/install.ts","all":false,"statementMap":{"0":{"start":{"line":1,"column":0},"end":{"line":1,"column":36}},"1":{"start":{"line":2,"column":0},"end":{"line":2,"column":41}},"2":{"start":{"line":3,"column":0},"end":{"line":3,"column":0}},"3":{"start":{"line":4,"column":0},"end":{"line":4,"column":26}}},"s":{"0":1,"1":1,"2":1,"3":1},"branchMap":{},"b":{},"fnMap":{},"f":{}}
,"/Users/etamity/Documents/development/vite/vix/packages/vix-core/src/types.ts": {"path":"/Users/etamity/Documents/development/vite/vix/packages/vix-core/src/types.ts","all":false,"statementMap":{"0":{"start":{"line":1,"column":0},"end":{"line":1,"column":62}},"1":{"start":{"line":2,"column":0},"end":{"line":2,"column":0}},"2":{"start":{"line":3,"column":0},"end":{"line":3,"column":31}},"3":{"start":{"line":4,"column":0},"end":{"line":4,"column":17}},"4":{"start":{"line":5,"column":0},"end":{"line":5,"column":43}},"5":{"start":{"line":6,"column":0},"end":{"line":6,"column":18}},"6":{"start":{"line":7,"column":0},"end":{"line":7,"column":23}},"7":{"start":{"line":8,"column":0},"end":{"line":8,"column":18}},"8":{"start":{"line":9,"column":0},"end":{"line":9,"column":13}},"9":{"start":{"line":10,"column":0},"end":{"line":10,"column":21}},"10":{"start":{"line":11,"column":0},"end":{"line":11,"column":16}},"11":{"start":{"line":12,"column":0},"end":{"line":12,"column":16}},"12":{"start":{"line":13,"column":0},"end":{"line":13,"column":15}},"13":{"start":{"line":14,"column":0},"end":{"line":14,"column":22}},"14":{"start":{"line":15,"column":0},"end":{"line":15,"column":24}},"15":{"start":{"line":16,"column":0},"end":{"line":16,"column":23}},"16":{"start":{"line":17,"column":0},"end":{"line":17,"column":27}},"17":{"start":{"line":18,"column":0},"end":{"line":18,"column":13}},"18":{"start":{"line":19,"column":0},"end":{"line":19,"column":18}},"19":{"start":{"line":20,"column":0},"end":{"line":20,"column":13}},"20":{"start":{"line":21,"column":0},"end":{"line":21,"column":16}},"21":{"start":{"line":22,"column":0},"end":{"line":22,"column":18}},"22":{"start":{"line":23,"column":0},"end":{"line":23,"column":1}},"23":{"start":{"line":24,"column":0},"end":{"line":24,"column":0}},"24":{"start":{"line":25,"column":0},"end":{"line":25,"column":54}},"25":{"start":{"line":26,"column":0},"end":{"line":26,"column":23}},"26":{"start":{"line":27,"column":0},"end":{"line":27,"column":1}}},"s":{"0":1,"1":1,"2":1,"3":1,"4":1,"5":1,"6":1,"7":1,"8":1,"9":1,"10":1,"11":1,"12":1,"13":1,"14":1,"15":1,"16":1,"17":1,"18":1,"19":1,"20":1,"21":1,"22":1,"23":1,"24":1,"25":1,"26":1},"branchMap":{"0":{"type":"branch","line":3,"loc":{"start":{"line":3,"column":25},"end":{"line":3,"column":31}},"locations":[{"start":{"line":3,"column":25},"end":{"line":3,"column":31}}]}},"b":{"0":[2]},"fnMap":{"0":{"name":"get","decl":{"start":{"line":3,"column":25},"end":{"line":3,"column":31}},"loc":{"start":{"line":3,"column":25},"end":{"line":3,"column":31}},"line":3}},"f":{"0":2}}
,"/Users/etamity/Documents/development/vite/vix/packages/vix-core/src/utils.ts": {"path":"/Users/etamity/Documents/development/vite/vix/packages/vix-core/src/utils.ts","all":false,"statementMap":{"0":{"start":{"line":1,"column":0},"end":{"line":1,"column":28}},"1":{"start":{"line":2,"column":0},"end":{"line":2,"column":44}},"2":{"start":{"line":3,"column":0},"end":{"line":3,"column":24}},"3":{"start":{"line":4,"column":0},"end":{"line":4,"column":57}},"4":{"start":{"line":5,"column":0},"end":{"line":5,"column":3}},"5":{"start":{"line":6,"column":0},"end":{"line":6,"column":71}},"6":{"start":{"line":7,"column":0},"end":{"line":7,"column":3}},"7":{"start":{"line":8,"column":0},"end":{"line":8,"column":63}},"8":{"start":{"line":9,"column":0},"end":{"line":9,"column":18}},"9":{"start":{"line":10,"column":0},"end":{"line":10,"column":42}},"10":{"start":{"line":11,"column":0},"end":{"line":11,"column":29}},"11":{"start":{"line":12,"column":0},"end":{"line":12,"column":19}},"12":{"start":{"line":13,"column":0},"end":{"line":13,"column":15}},"13":{"start":{"line":14,"column":0},"end":{"line":14,"column":20}},"14":{"start":{"line":15,"column":0},"end":{"line":15,"column":18}},"15":{"start":{"line":16,"column":0},"end":{"line":16,"column":15}},"16":{"start":{"line":17,"column":0},"end":{"line":17,"column":22}},"17":{"start":{"line":18,"column":0},"end":{"line":18,"column":25}},"18":{"start":{"line":19,"column":0},"end":{"line":19,"column":15}},"19":{"start":{"line":20,"column":0},"end":{"line":20,"column":19}},"20":{"start":{"line":21,"column":0},"end":{"line":21,"column":15}},"21":{"start":{"line":22,"column":0},"end":{"line":22,"column":20}},"22":{"start":{"line":23,"column":0},"end":{"line":23,"column":15}},"23":{"start":{"line":24,"column":0},"end":{"line":24,"column":18}},"24":{"start":{"line":25,"column":0},"end":{"line":25,"column":19}},"25":{"start":{"line":26,"column":0},"end":{"line":26,"column":0}},"26":{"start":{"line":27,"column":0},"end":{"line":27,"column":35}},"27":{"start":{"line":28,"column":0},"end":{"line":28,"column":46}},"28":{"start":{"line":29,"column":0},"end":{"line":29,"column":5}},"29":{"start":{"line":30,"column":0},"end":{"line":30,"column":65}},"30":{"start":{"line":31,"column":0},"end":{"line":31,"column":13}},"31":{"start":{"line":32,"column":0},"end":{"line":32,"column":1}},"32":{"start":{"line":33,"column":0},"end":{"line":33,"column":0}},"33":{"start":{"line":34,"column":0},"end":{"line":34,"column":52}},"34":{"start":{"line":35,"column":0},"end":{"line":35,"column":50}},"35":{"start":{"line":36,"column":0},"end":{"line":36,"column":31}},"36":{"start":{"line":37,"column":0},"end":{"line":37,"column":44}},"37":{"start":{"line":38,"column":0},"end":{"line":38,"column":37}},"38":{"start":{"line":39,"column":0},"end":{"line":39,"column":55}},"39":{"start":{"line":40,"column":0},"end":{"line":40,"column":2}},"40":{"start":{"line":41,"column":0},"end":{"line":41,"column":0}},"41":{"start":{"line":42,"column":0},"end":{"line":42,"column":60}},"42":{"start":{"line":43,"column":0},"end":{"line":43,"column":34}},"43":{"start":{"line":44,"column":0},"end":{"line":44,"column":33}},"44":{"start":{"line":45,"column":0},"end":{"line":45,"column":42}},"45":{"start":{"line":46,"column":0},"end":{"line":46,"column":39}},"46":{"start":{"line":47,"column":0},"end":{"line":47,"column":5}},"47":{"start":{"line":48,"column":0},"end":{"line":48,"column":0}},"48":{"start":{"line":49,"column":0},"end":{"line":49,"column":49}},"49":{"start":{"line":50,"column":0},"end":{"line":50,"column":22}},"50":{"start":{"line":51,"column":0},"end":{"line":51,"column":42}},"51":{"start":{"line":52,"column":0},"end":{"line":52,"column":0}},"52":{"start":{"line":53,"column":0},"end":{"line":53,"column":35}},"53":{"start":{"line":54,"column":0},"end":{"line":54,"column":69}},"54":{"start":{"line":55,"column":0},"end":{"line":55,"column":3}},"55":{"start":{"line":56,"column":0},"end":{"line":56,"column":0}},"56":{"start":{"line":57,"column":0},"end":{"line":57,"column":68}},"57":{"start":{"line":58,"column":0},"end":{"line":58,"column":0}},"58":{"start":{"line":59,"column":0},"end":{"line":59,"column":46}},"59":{"start":{"line":60,"column":0},"end":{"line":60,"column":78}},"60":{"start":{"line":61,"column":0},"end":{"line":61,"column":3}},"61":{"start":{"line":62,"column":0},"end":{"line":62,"column":0}},"62":{"start":{"line":63,"column":0},"end":{"line":63,"column":35}},"63":{"start":{"line":64,"column":0},"end":{"line":64,"column":57}},"64":{"start":{"line":65,"column":0},"end":{"line":65,"column":0}},"65":{"start":{"line":66,"column":0},"end":{"line":66,"column":71}},"66":{"start":{"line":67,"column":0},"end":{"line":67,"column":27}},"67":{"start":{"line":68,"column":0},"end":{"line":68,"column":24}},"68":{"start":{"line":69,"column":0},"end":{"line":69,"column":5}},"69":{"start":{"line":70,"column":0},"end":{"line":70,"column":0}},"70":{"start":{"line":71,"column":0},"end":{"line":71,"column":34}},"71":{"start":{"line":72,"column":0},"end":{"line":72,"column":13}},"72":{"start":{"line":73,"column":0},"end":{"line":73,"column":7}},"73":{"start":{"line":74,"column":0},"end":{"line":74,"column":0}},"74":{"start":{"line":75,"column":0},"end":{"line":75,"column":41}},"75":{"start":{"line":76,"column":0},"end":{"line":76,"column":33}},"76":{"start":{"line":77,"column":0},"end":{"line":77,"column":19}},"77":{"start":{"line":78,"column":0},"end":{"line":78,"column":22}},"78":{"start":{"line":79,"column":0},"end":{"line":79,"column":5}},"79":{"start":{"line":80,"column":0},"end":{"line":80,"column":0}},"80":{"start":{"line":81,"column":0},"end":{"line":81,"column":42}},"81":{"start":{"line":82,"column":0},"end":{"line":82,"column":55}},"82":{"start":{"line":83,"column":0},"end":{"line":83,"column":31}},"83":{"start":{"line":84,"column":0},"end":{"line":84,"column":21}},"84":{"start":{"line":85,"column":0},"end":{"line":85,"column":5}},"85":{"start":{"line":86,"column":0},"end":{"line":86,"column":4}},"86":{"start":{"line":87,"column":0},"end":{"line":87,"column":0}},"87":{"start":{"line":88,"column":0},"end":{"line":88,"column":17}},"88":{"start":{"line":89,"column":0},"end":{"line":89,"column":60}},"89":{"start":{"line":90,"column":0},"end":{"line":90,"column":17}},"90":{"start":{"line":91,"column":0},"end":{"line":91,"column":0}},"91":{"start":{"line":92,"column":0},"end":{"line":92,"column":28}},"92":{"start":{"line":93,"column":0},"end":{"line":93,"column":46}},"93":{"start":{"line":94,"column":0},"end":{"line":94,"column":10}},"94":{"start":{"line":95,"column":0},"end":{"line":95,"column":36}},"95":{"start":{"line":96,"column":0},"end":{"line":96,"column":62}},"96":{"start":{"line":97,"column":0},"end":{"line":97,"column":4}},"97":{"start":{"line":98,"column":0},"end":{"line":98,"column":62}},"98":{"start":{"line":99,"column":0},"end":{"line":99,"column":45}},"99":{"start":{"line":100,"column":0},"end":{"line":100,"column":1}}},"s":{"0":1,"1":1,"2":1,"3":1,"4":1,"5":1,"6":1,"7":1,"8":3,"9":3,"10":3,"11":3,"12":3,"13":3,"14":3,"15":3,"16":3,"17":3,"18":3,"19":3,"20":3,"21":3,"22":3,"23":3,"24":3,"25":3,"26":3,"27":3,"28":3,"29":3,"30":3,"31":3,"32":1,"33":1,"34":2,"35":2,"36":2,"37":2,"38":2,"39":2,"40":1,"41":1,"42":1,"43":1,"44":1,"45":1,"46":1,"47":1,"48":1,"49":4,"50":4,"51":4,"52":4,"53":1,"54":1,"55":3,"56":3,"57":3,"58":4,"59":1,"60":1,"61":2,"62":2,"63":2,"64":2,"65":2,"66":2,"67":2,"68":2,"69":2,"70":2,"71":2,"72":2,"73":2,"74":2,"75":1,"76":1,"77":1,"78":1,"79":2,"80":2,"81":2,"82":2,"83":2,"84":2,"85":2,"86":2,"87":2,"88":2,"89":2,"90":2,"91":2,"92":2,"93":2,"94":2,"95":2,"96":2,"97":2,"98":2,"99":4},"branchMap":{"0":{"type":"branch","line":8,"loc":{"start":{"line":8,"column":7},"end":{"line":32,"column":1}},"locations":[{"start":{"line":8,"column":7},"end":{"line":32,"column":1}}]},"1":{"type":"branch","line":30,"loc":{"start":{"line":30,"column":14},"end":{"line":30,"column":65}},"locations":[{"start":{"line":30,"column":14},"end":{"line":30,"column":65}}]},"2":{"type":"branch","line":27,"loc":{"start":{"line":27,"column":27},"end":{"line":29,"column":3}},"locations":[{"start":{"line":27,"column":27},"end":{"line":29,"column":3}}]},"3":{"type":"branch","line":28,"loc":{"start":{"line":28,"column":17},"end":{"line":28,"column":46}},"locations":[{"start":{"line":28,"column":17},"end":{"line":28,"column":46}}]},"4":{"type":"branch","line":32,"loc":{"start":{"line":32,"column":0},"end":{"line":32,"column":1}},"locations":[{"start":{"line":32,"column":0},"end":{"line":32,"column":1}}]},"5":{"type":"branch","line":34,"loc":{"start":{"line":34,"column":33},"end":{"line":40,"column":2}},"locations":[{"start":{"line":34,"column":33},"end":{"line":40,"column":2}}]},"6":{"type":"branch","line":38,"loc":{"start":{"line":38,"column":12},"end":{"line":38,"column":36}},"locations":[{"start":{"line":38,"column":12},"end":{"line":38,"column":36}}]},"7":{"type":"branch","line":39,"loc":{"start":{"line":39,"column":10},"end":{"line":39,"column":53}},"locations":[{"start":{"line":39,"column":10},"end":{"line":39,"column":53}}]},"8":{"type":"branch","line":40,"loc":{"start":{"line":40,"column":0},"end":{"line":40,"column":2}},"locations":[{"start":{"line":40,"column":0},"end":{"line":40,"column":2}}]},"9":{"type":"branch","line":42,"loc":{"start":{"line":42,"column":26},"end":{"line":47,"column":5}},"locations":[{"start":{"line":42,"column":26},"end":{"line":47,"column":5}}]},"10":{"type":"branch","line":47,"loc":{"start":{"line":47,"column":3},"end":{"line":47,"column":5}},"locations":[{"start":{"line":47,"column":3},"end":{"line":47,"column":5}}]},"11":{"type":"branch","line":49,"loc":{"start":{"line":49,"column":7},"end":{"line":100,"column":1}},"locations":[{"start":{"line":49,"column":7},"end":{"line":100,"column":1}}]},"12":{"type":"branch","line":53,"loc":{"start":{"line":53,"column":34},"end":{"line":55,"column":3}},"locations":[{"start":{"line":53,"column":34},"end":{"line":55,"column":3}}]},"13":{"type":"branch","line":55,"loc":{"start":{"line":55,"column":2},"end":{"line":59,"column":45}},"locations":[{"start":{"line":55,"column":2},"end":{"line":59,"column":45}}]},"14":{"type":"branch","line":59,"loc":{"start":{"line":59,"column":45},"end":{"line":61,"column":3}},"locations":[{"start":{"line":59,"column":45},"end":{"line":61,"column":3}}]},"15":{"type":"branch","line":61,"loc":{"start":{"line":61,"column":2},"end":{"line":100,"column":1}},"locations":[{"start":{"line":61,"column":2},"end":{"line":100,"column":1}}]},"16":{"type":"branch","line":66,"loc":{"start":{"line":66,"column":18},"end":{"line":86,"column":4}},"locations":[{"start":{"line":66,"column":18},"end":{"line":86,"column":4}}]},"17":{"type":"branch","line":75,"loc":{"start":{"line":75,"column":13},"end":{"line":75,"column":40}},"locations":[{"start":{"line":75,"column":13},"end":{"line":75,"column":40}}]},"18":{"type":"branch","line":75,"loc":{"start":{"line":75,"column":40},"end":{"line":79,"column":5}},"locations":[{"start":{"line":75,"column":40},"end":{"line":79,"column":5}}]},"19":{"type":"branch","line":100,"loc":{"start":{"line":100,"column":0},"end":{"line":100,"column":1}},"locations":[{"start":{"line":100,"column":0},"end":{"line":100,"column":1}}]}},"b":{"0":[3],"1":[1],"2":[3],"3":[2],"4":[3],"5":[2],"6":[4],"7":[3],"8":[2],"9":[1],"10":[1],"11":[4],"12":[1],"13":[3],"14":[1],"15":[2],"16":[2],"17":[1],"18":[1],"19":[4]},"fnMap":{"0":{"name":"cleanOptions","decl":{"start":{"line":8,"column":7},"end":{"line":32,"column":1}},"loc":{"start":{"line":8,"column":7},"end":{"line":32,"column":1}},"line":8},"1":{"name":"get","decl":{"start":{"line":32,"column":0},"end":{"line":32,"column":1}},"loc":{"start":{"line":32,"column":0},"end":{"line":32,"column":1}},"line":32},"2":{"name":"ifDependenceExist","decl":{"start":{"line":34,"column":33},"end":{"line":40,"column":2}},"loc":{"start":{"line":34,"column":33},"end":{"line":40,"column":2}},"line":34},"3":{"name":"get","decl":{"start":{"line":40,"column":0},"end":{"line":40,"column":2}},"loc":{"start":{"line":40,"column":0},"end":{"line":40,"column":2}},"line":40},"4":{"name":"makeLogger","decl":{"start":{"line":42,"column":26},"end":{"line":47,"column":5}},"loc":{"start":{"line":42,"column":26},"end":{"line":47,"column":5}},"line":42},"5":{"name":"get","decl":{"start":{"line":47,"column":3},"end":{"line":47,"column":5}},"loc":{"start":{"line":47,"column":3},"end":{"line":47,"column":5}},"line":47},"6":{"name":"installSymlink","decl":{"start":{"line":49,"column":7},"end":{"line":100,"column":1}},"loc":{"start":{"line":49,"column":7},"end":{"line":100,"column":1}},"line":49},"7":{"name":"watcher","decl":{"start":{"line":66,"column":18},"end":{"line":86,"column":4}},"loc":{"start":{"line":66,"column":18},"end":{"line":86,"column":4}},"line":66},"8":{"name":"get","decl":{"start":{"line":100,"column":0},"end":{"line":100,"column":1}},"loc":{"start":{"line":100,"column":0},"end":{"line":100,"column":1}},"line":100}},"f":{"0":3,"1":3,"2":2,"3":2,"4":1,"5":1,"6":4,"7":2,"8":4}}
}
